<?xml version="1.0" encoding="UTF-8"?>
<!-- Generated by org.testng.reporters.JUnitReportReporter -->
<testsuite skipped="0" hostname="ATMECSINLT-711" name="com.atmecs.apitesting.testscripts.GetRequestTest" tests="1" failures="0" timestamp="11 Nov 2020 07:39:06 GMT" time="3.967" errors="0">
  <testcase name="getApiTest" time="3.967" classname="com.atmecs.apitesting.testscripts.GetRequestTest"/>
</testsuite> <!-- com.atmecs.apitesting.testscripts.GetRequestTest -->
