<?xml version="1.0" encoding="UTF-8"?>
<!-- Generated by org.testng.reporters.JUnitReportReporter -->
<testsuite skipped="0" hostname="ATMECSINLT-711" name="com.atmecs.apitesting.testscripts.GetRequestTest" tests="1" failures="0" timestamp="06 Nov 2020 06:05:52 GMT" time="4.269" errors="0">
  <testcase name="getApiTest" time="4.269" classname="com.atmecs.apitesting.testscripts.GetRequestTest"/>
</testsuite> <!-- com.atmecs.apitesting.testscripts.GetRequestTest -->
